<?xml version="1.0" encoding="UTF-8"?>
<!-- Generated by org.testng.reporters.JUnitReportReporter -->
<testsuite hostname="temp-HP" name="core.BaseTestClass" tests="1" failures="0" timestamp="3 Sep 2015 12:52:08 GMT" time="0.005" errors="0">
  <testcase name="test" time="0.005" classname="core.BaseTestClass"/>
</testsuite> <!-- core.BaseTestClass -->
