<?xml version="1.0" encoding="UTF-8"?>
<!-- Generated by org.testng.reporters.JUnitReportReporter -->
<testsuite hostname="temp-HP" name="apps.bluesource.BlueSource_Login" tests="1" failures="0" timestamp="3 Sep 2015 12:56:58 GMT" time="0.005" errors="0">
  <testcase name="test" time="0.005" classname="apps.bluesource.BlueSource_Login"/>
</testsuite> <!-- apps.bluesource.BlueSource_Login -->
