<?xml version="1.0" encoding="UTF-8"?>
<!-- Generated by org.testng.reporters.JUnitReportReporter -->
<testsuite hostname="temp-HP" name="core.WebDriverSetup" tests="1" failures="0" timestamp="3 Sep 2015 10:55:11 GMT" time="5.396" errors="0">
  <testcase name="test" time="5.396" classname="core.WebDriverSetup"/>
</testsuite> <!-- core.WebDriverSetup -->
